<?xml version="1.0" encoding="UTF-8"?>
<testsuite xmlns:xsi="http://www.w3.org/2001/XMLSchema-instance" xsi:noNamespaceSchemaLocation="https://maven.apache.org/surefire/maven-surefire-plugin/xsd/surefire-test-report-3.0.xsd" version="3.0" name="stratpoint.samuelnieva.LibraryTest" time="0.19" tests="2" errors="0" skipped="0" failures="0">
  <properties>
[...]
</properties>
  <testcase name="addBook" classname="stratpoint.samuelnieva.LibraryTest" time="0.166"/>
  <testcase name="delBook" classname="stratpoint.samuelnieva.LibraryTest" time="0.006">
    <system-out><![CDATA[13:23:25.454 [main] DEBUG stratpoint.samuelnieva.Library -- Successfully removed book in index 0 from listBooks
]]></system-out>
  </testcase>
</testsuite>